#
# There is insufficient memory for the Java Runtime Environment to continue.
# Native memory allocation (mmap) failed to map 201326592 bytes for Failed to commit area from 0x0000000741000000 to 0x000000074d000000 of length 201326592.
# Possible reasons:
#   The system is out of physical RAM or swap space
#   The process is running with CompressedOops enabled, and the Java Heap may be blocking the growth of the native heap
# Possible solutions:
#   Reduce memory load on the system
#   Increase physical memory or swap space
#   Check if swap backing store is full
#   Decrease Java heap size (-Xmx/-Xms)
#   Decrease number of Java threads
#   Decrease Java thread stack sizes (-Xss)
#   Set larger code cache with -XX:ReservedCodeCacheSize=
# This output file may be truncated or incomplete.
#
#  Out of Memory Error (./src/hotspot/os/windows/os_windows.cpp:3521), pid=13284, tid=17696
#
# JRE version:  (11.0.12+7) (build )
# Java VM: OpenJDK 64-Bit Server VM (11.0.12+7-b1504.40, mixed mode, sharing, tiered, compressed oops, g1 gc, windows-amd64)
# No core dump will be written. Minidumps are not enabled by default on client versions of Windows
#

---------------  S U M M A R Y ------------

Command Line: git4idea.http.GitAskPassApp Username for 'https://github.com': 

Host: Intel(R) Core(TM) i3-5005U CPU @ 2.00GHz, 4 cores, 11G,  Windows 10 , 64 bit Build 19041 (10.0.19041.1503)
Time: Thu Dec 29 11:49:22 2022 Sri Lanka Standard Time elapsed time: 0.037366 seconds (0d 0h 0m 0s)

---------------  T H R E A D  ---------------

Current thread (0x000001469d9d9800):  JavaThread "Unknown thread" [_thread_in_vm, id=17696, stack(0x0000002038700000,0x0000002038800000)]

Stack: [0x0000002038700000,0x0000002038800000]
Native frames: (J=compiled Java code, j=interpreted, Vv=VM code, C=native code)
V  [jvm.dll+0x5ff40a]
V  [jvm.dll+0x783b65]
V  [jvm.dll+0x78517d]
V  [jvm.dll+0x785833]
V  [jvm.dll+0x249408]
V  [jvm.dll+0x5fc7f4]
V  [jvm.dll+0x5f13c5]
V  [jvm.dll+0x3076bb]
V  [jvm.dll+0x30762a]
V  [jvm.dll+0x307502]
V  [jvm.dll+0x30c466]
V  [jvm.dll+0x355543]
V  [jvm.dll+0x355c46]
V  [jvm.dll+0x355643]
V  [jvm.dll+0x2e2018]
V  [jvm.dll+0x2e31c7]
V  [jvm.dll+0x761f57]
V  [jvm.dll+0x76374c]
V  [jvm.dll+0x362ab9]
V  [jvm.dll+0x7455be]
V  [jvm.dll+0x3cb673]
V  [jvm.dll+0x3cda21]
C  [jli.dll+0x536b]
C  [ucrtbase.dll+0x21bb2]
C  [KERNEL32.DLL+0x17034]
C  [ntdll.dll+0x52651]


---------------  P R O C E S S  ---------------

Threads class SMR info:
_java_thread_list=0x000001469b84f440, length=0, elements={
}

Java Threads: ( => current thread )

Other Threads:
  0x000001469d9f2000 GCTaskThread "GC Thread#0" [stack: 0x0000002038800000,0x0000002038900000] [id=5772]
  0x000001469da38800 ConcurrentGCThread "G1 Main Marker" [stack: 0x0000002038900000,0x0000002038a00000] [id=18220]
  0x000001469da3a000 ConcurrentGCThread "G1 Conc#0" [stack: 0x0000002038a00000,0x0000002038b00000] [id=16320]

[error occurred during error reporting (printing all threads), id 0xc0000005, EXCEPTION_ACCESS_VIOLATION (0xc0000005) at pc=0x00007ffb7eba27a7]

VM state:not at safepoint (not fully initialized)

VM Mutex/Monitor currently owned by a thread:  ([mutex/lock_event])
[0x000001469d9d52d0] Heap_lock - owner thread: 0x000001469d9d9800

Heap address: 0x0000000741000000, size: 3056 MB, Compressed Oops mode: Non-zero based: 0x0000000741000000
Narrow klass base: 0x0000000000000000, Narrow klass shift: 0

GC Heap History (0 events):
No events

Deoptimization events (0 events):
No events

Classes redefined (0 events):
No events

Internal exceptions (0 events):
No events

Events (1 events):
Event: 0.021 Loaded shared library C:\Program Files\JetBrains\PhpStorm 2021.2.3\jbr\bin\zip.dll


Dynamic libraries:
0x00007ff79bf80000 - 0x00007ff79bf8a000 	C:\Program Files\JetBrains\PhpStorm 2021.2.3\jbr\bin\java.exe
0x00007ffbe1050000 - 0x00007ffbe1245000 	C:\Windows\SYSTEM32\ntdll.dll
0x00007ffbe07f0000 - 0x00007ffbe08ae000 	C:\Windows\System32\KERNEL32.DLL
0x00007ffbdeb70000 - 0x00007ffbdee38000 	C:\Windows\System32\KERNELBASE.dll
0x00007ffbdee40000 - 0x00007ffbdef40000 	C:\Windows\System32\ucrtbase.dll
0x00007ffbd6c90000 - 0x00007ffbd6ca7000 	C:\Program Files\JetBrains\PhpStorm 2021.2.3\jbr\bin\VCRUNTIME140.dll
0x00007ffbd6c70000 - 0x00007ffbd6c89000 	C:\Program Files\JetBrains\PhpStorm 2021.2.3\jbr\bin\jli.dll
0x00007ffbdf7a0000 - 0x00007ffbdf940000 	C:\Windows\System32\USER32.dll
0x00007ffbde930000 - 0x00007ffbde952000 	C:\Windows\System32\win32u.dll
0x00007ffbce510000 - 0x00007ffbce7aa000 	C:\Windows\WinSxS\amd64_microsoft.windows.common-controls_6595b64144ccf1df_6.0.19041.1110_none_60b5254171f9507e\COMCTL32.dll
0x00007ffbdfdb0000 - 0x00007ffbdfddb000 	C:\Windows\System32\GDI32.dll
0x00007ffbdf1c0000 - 0x00007ffbdf25e000 	C:\Windows\System32\msvcrt.dll
0x00007ffbde820000 - 0x00007ffbde92d000 	C:\Windows\System32\gdi32full.dll
0x00007ffbdea40000 - 0x00007ffbdeadd000 	C:\Windows\System32\msvcp_win.dll
0x00007ffbe06e0000 - 0x00007ffbe0710000 	C:\Windows\System32\IMM32.DLL
0x00007ffbac0a0000 - 0x00007ffbac13d000 	C:\Program Files\JetBrains\PhpStorm 2021.2.3\jbr\bin\msvcp140.dll
0x00007ffb7e8b0000 - 0x00007ffb7f408000 	C:\Program Files\JetBrains\PhpStorm 2021.2.3\jbr\bin\server\jvm.dll
0x00007ffbe05a0000 - 0x00007ffbe064e000 	C:\Windows\System32\ADVAPI32.dll
0x00007ffbdf260000 - 0x00007ffbdf2fc000 	C:\Windows\System32\sechost.dll
0x00007ffbdf610000 - 0x00007ffbdf735000 	C:\Windows\System32\RPCRT4.dll
0x00007ffbdfe50000 - 0x00007ffbdfe58000 	C:\Windows\System32\PSAPI.DLL
0x00007ffbc8110000 - 0x00007ffbc8119000 	C:\Windows\SYSTEM32\WSOCK32.dll
0x00007ffbdfde0000 - 0x00007ffbdfe4b000 	C:\Windows\System32\WS2_32.dll
0x00007ffbcd900000 - 0x00007ffbcd927000 	C:\Windows\SYSTEM32\WINMM.dll
0x00007ffbce850000 - 0x00007ffbce85a000 	C:\Windows\SYSTEM32\VERSION.dll
0x00007ffbdc650000 - 0x00007ffbdc662000 	C:\Windows\SYSTEM32\kernel.appcore.dll
0x00007ffbd8f00000 - 0x00007ffbd8f11000 	C:\Program Files\JetBrains\PhpStorm 2021.2.3\jbr\bin\verify.dll
0x00007ffbcc230000 - 0x00007ffbcc414000 	C:\Windows\SYSTEM32\DBGHELP.DLL
0x00007ffbcc190000 - 0x00007ffbcc1bc000 	C:\Windows\SYSTEM32\dbgcore.DLL
0x00007ffbdeae0000 - 0x00007ffbdeb62000 	C:\Windows\System32\bcryptPrimitives.dll
0x00007ffbd66d0000 - 0x00007ffbd66f9000 	C:\Program Files\JetBrains\PhpStorm 2021.2.3\jbr\bin\java.dll
0x00007ffbda430000 - 0x00007ffbda43b000 	C:\Program Files\JetBrains\PhpStorm 2021.2.3\jbr\bin\jimage.dll
0x00007ffbd66b0000 - 0x00007ffbd66c8000 	C:\Program Files\JetBrains\PhpStorm 2021.2.3\jbr\bin\zip.dll

dbghelp: loaded successfully - version: 4.0.5 - missing functions: none
symbol engine: initialized successfully - sym options: 0x614 - pdb path: .;C:\Program Files\JetBrains\PhpStorm 2021.2.3\jbr\bin;C:\Windows\SYSTEM32;C:\Windows\WinSxS\amd64_microsoft.windows.common-controls_6595b64144ccf1df_6.0.19041.1110_none_60b5254171f9507e;C:\Program Files\JetBrains\PhpStorm 2021.2.3\jbr\bin\server

VM Arguments:
java_command: git4idea.http.GitAskPassApp Username for 'https://github.com': 
java_class_path (initial): C:/Program Files/JetBrains/PhpStorm 2021.2.3/plugins/git4idea/lib/git4idea-rt.jar;C:/Program Files/JetBrains/PhpStorm 2021.2.3/lib/3rd-party.jar
Launcher Type: SUN_STANDARD

[Global flags]
     intx CICompilerCount                          = 3                                         {product} {ergonomic}
     uint ConcGCThreads                            = 1                                         {product} {ergonomic}
     uint G1ConcRefinementThreads                  = 4                                         {product} {ergonomic}
   size_t G1HeapRegionSize                         = 1048576                                   {product} {ergonomic}
    uintx GCDrainStackTargetSize                   = 64                                        {product} {ergonomic}
   size_t InitialHeapSize                          = 201326592                                 {product} {ergonomic}
   size_t MarkStackSize                            = 4194304                                   {product} {ergonomic}
   size_t MaxHeapSize                              = 3204448256                                {product} {ergonomic}
   size_t MinHeapDeltaBytes                        = 1048576                                   {product} {ergonomic}
    uintx NonNMethodCodeHeapSize                   = 5830732                                {pd product} {ergonomic}
    uintx NonProfiledCodeHeapSize                  = 122913754                              {pd product} {ergonomic}
    uintx ProfiledCodeHeapSize                     = 122913754                              {pd product} {ergonomic}
    uintx ReservedCodeCacheSize                    = 251658240                              {pd product} {ergonomic}
     bool SegmentedCodeCache                       = true                                      {product} {ergonomic}
     bool UseCompressedClassPointers               = true                                 {lp64_product} {ergonomic}
     bool UseCompressedOops                        = true                                 {lp64_product} {ergonomic}
     bool UseG1GC                                  = true                                      {product} {ergonomic}
     bool UseLargePagesIndividualAllocation        = false                                  {pd product} {ergonomic}

Logging:
Log output configuration:
 #0: stdout all=warning uptime,level,tags
 #1: stderr all=off uptime,level,tags

Environment Variables:
PATH=C:\Program Files\Git\mingw64\libexec\git-core;C:\Program Files\Git\mingw64\libexec\git-core;C:\Program Files\Git\mingw64\bin;C:\Program Files\Git\usr\bin;C:\Users\Shakeel\bin;C:\Windows\system32;C:\Windows;C:\Windows\System32\Wbem;C:\Windows\System32\WindowsPowerShell\v1.0;C:\Windows\System32\OpenSSH;C:\Program Files\nodejs;C:\Program Files\Git\cmd;C:\xampp\php;C:\composer;C:\Users\Shakeel\AppData\Local\Microsoft\WindowsApps;C:\Program Files\JetBrains\PhpStorm 2021.2.3\bin;C:\Users\Shakeel\AppData\Roaming\npm;C:\Users\Shakeel\AppData\Local\Programs\Microsoft VS Code\bin;C:\Users\Shakeel\AppData\Roaming\Composer\vendor\bin;C:\composer
USERNAME=Shakeel
DISPLAY=:0.0
LC_ALL=en_US.UTF-8
OS=Windows_NT
PROCESSOR_IDENTIFIER=Intel64 Family 6 Model 61 Stepping 4, GenuineIntel



---------------  S Y S T E M  ---------------

OS: Windows 10 , 64 bit Build 19041 (10.0.19041.1503)
OS uptime: 13 days 2:06 hours

CPU:total 4 (initial active 4) (2 cores per cpu, 2 threads per core) family 6 model 61 stepping 4 microcode 0x2d, cmov, cx8, fxsr, mmx, sse, sse2, sse3, ssse3, sse4.1, sse4.2, popcnt, avx, avx2, aes, clmul, erms, 3dnowpref, lzcnt, ht, tsc, tscinvbit, bmi1, bmi2, adx, fma

Memory: 4k page, system-wide physical 12219M (1847M free)
TotalPageFile size 17219M (AvailPageFile size 90M)
current process WorkingSet (physical memory assigned to process): 9M, peak: 9M
current process commit charge ("private bytes"): 51M, peak: 243M

vm_info: OpenJDK 64-Bit Server VM (11.0.12+7-b1504.40) for windows-amd64 JRE (11.0.12+7-b1504.40), built on Sep 23 2021 14:38:03 by "" with MS VC++ 14.0 (VS2015)

END.
